<?xml version="1.0" encoding="UTF-8"?>
<!-- Generated by org.testng.reporters.JUnitXMLReporter -->
<testsuite ignored="0" hostname="ITSH2KP-evan" failures="0" tests="7" name="Regression" time="7.232" errors="0" timestamp="2023-05-26T15:26:04 WIB">
  <testcase classname="FirstTestNGPackage.FirstTestNGFile" name="@BeforeMethod verifyHomepageTitle" time="0.009">
    <failure type="java.lang.AssertionError" message="expected [Welcome: Mercury Tours] but found [Register: Mercury Tours]">
      <![CDATA[java.lang.AssertionError: expected [Welcome: Mercury Tours] but found [Register: Mercury Tours]
at FirstTestNGPackage.FirstTestNGFile.verifyHomepageTitle(FirstTestNGFile.java:41)
at java.base/java.util.ArrayList.forEach(ArrayList.java:1511)
... Removed 35 stack frames]]>
    </failure>
  </testcase> <!-- @BeforeMethod verifyHomepageTitle -->
  <testcase classname="FirstTestNGPackage.FirstTestNGFile" name="@AfterMethod goBackToHomepage" time="-1.685089564297E9">
    <skipped/>
  </testcase> <!-- @AfterMethod goBackToHomepage -->
  <testcase classname="FirstTestNGPackage.FirstTestNGFile" name="@AfterTest TerminateBrowser" time="-1.685089564297E9">
    <skipped/>
  </testcase> <!-- @AfterTest TerminateBrowser -->
  <testcase classname="FirstTestNGPackage.SecondTestNGFile" name="b_method" time="0.005"/>
  <testcase classname="FirstTestNGPackage.SecondTestNGFile" name="c_method" time="0.001"/>
  <testcase classname="FirstTestNGPackage.SecondTestNGFile" name="e_method" time="0.001"/>
  <testcase classname="FirstTestNGPackage.SecondTestNGFile" name="a_method" time="0.001"/>
  <testcase classname="FirstTestNGPackage.SecondTestNGFile" name="d_method" time="0.001"/>
  <testcase classname="FirstTestNGPackage.FirstTestNGFile" name="register" time="0.727"/>
  <testcase classname="FirstTestNGPackage.FirstTestNGFile" name="support" time="0.0">
    <skipped/>
  </testcase> <!-- support -->
</testsuite> <!-- Regression -->
