<?xml version="1.0" encoding="UTF-8"?>
<!-- Generated by org.testng.reporters.JUnitXMLReporter -->
<testsuite ignored="0" hostname="ITSH2KP-evan" failures="0" tests="7" name="Regression" time="6.403" errors="0" timestamp="2023-05-26T15:55:56 WIB">
  <testcase classname="FirstTestNGPackage.FirstTestNGFile" name="@BeforeMethod verifyHomepageTitle" time="0.017">
    <failure type="org.openqa.selenium.NoSuchWindowException" message="no such window: target window already closed
from unknown error: web view not found
  (Session info: chrome=113.0.5672.127)
Build info: version: &amp;apos;4.4.0&amp;apos;, revision: &amp;apos;e5c75ed026a&amp;apos;
System info: host: &amp;apos;ITSH2KP-EVAN&amp;apos;, ip: &amp;apos;192.168.5.130&amp;apos;, os.name: &amp;apos;Windows 10&amp;apos;, os.arch: &amp;apos;amd64&amp;apos;, os.version: &amp;apos;10.0&amp;apos;, java.version: &amp;apos;18.0.1&amp;apos;
Driver info: org.openqa.selenium.chrome.ChromeDriver
Command: [1feb89e315e92857789cbd234d55464e, getTitle {}]
Capabilities {acceptInsecureCerts: false, browserName: chrome, browserVersion: 113.0.5672.127, chrome: {chromedriverVersion: 113.0.5672.63 (0e1a4471d5ae..., userDataDir: C:\Users\evanr\AppData\Loca...}, goog:chromeOptions: {debuggerAddress: localhost:56053}, networkConnectionEnabled: false, pageLoadStrategy: normal, platformName: WINDOWS, proxy: Proxy(), se:cdp: ws://localhost:56053/devtoo..., se:cdpVersion: 113.0.5672.127, setWindowRect: true, strictFileInteractability: false, timeouts: {implicit: 0, pageLoad: 300000, script: 30000}, unhandledPromptBehavior: dismiss and notify, webauthn:extension:credBlob: true, webauthn:extension:largeBlob: true, webauthn:extension:minPinLength: true, webauthn:extension:prf: true, webauthn:virtualAuthenticators: true}
Session ID: 1feb89e315e92857789cbd234d55464e">
      <![CDATA[org.openqa.selenium.NoSuchWindowException: no such window: target window already closed
from unknown error: web view not found
  (Session info: chrome=113.0.5672.127)
Build info: version: '4.4.0', revision: 'e5c75ed026a'
System info: host: 'ITSH2KP-EVAN', ip: '192.168.5.130', os.name: 'Windows 10', os.arch: 'amd64', os.version: '10.0', java.version: '18.0.1'
Driver info: org.openqa.selenium.chrome.ChromeDriver
Command: [1feb89e315e92857789cbd234d55464e, getTitle {}]
Capabilities {acceptInsecureCerts: false, browserName: chrome, browserVersion: 113.0.5672.127, chrome: {chromedriverVersion: 113.0.5672.63 (0e1a4471d5ae..., userDataDir: C:\Users\evanr\AppData\Loca...}, goog:chromeOptions: {debuggerAddress: localhost:56053}, networkConnectionEnabled: false, pageLoadStrategy: normal, platformName: WINDOWS, proxy: Proxy(), se:cdp: ws://localhost:56053/devtoo..., se:cdpVersion: 113.0.5672.127, setWindowRect: true, strictFileInteractability: false, timeouts: {implicit: 0, pageLoad: 300000, script: 30000}, unhandledPromptBehavior: dismiss and notify, webauthn:extension:credBlob: true, webauthn:extension:largeBlob: true, webauthn:extension:minPinLength: true, webauthn:extension:prf: true, webauthn:virtualAuthenticators: true}
Session ID: 1feb89e315e92857789cbd234d55464e
at org.openqa.selenium.remote.codec.w3c.W3CHttpResponseCodec.createException(W3CHttpResponseCodec.java:200)
at org.openqa.selenium.remote.codec.w3c.W3CHttpResponseCodec.decode(W3CHttpResponseCodec.java:133)
at org.openqa.selenium.remote.codec.w3c.W3CHttpResponseCodec.decode(W3CHttpResponseCodec.java:53)
at org.openqa.selenium.remote.HttpCommandExecutor.execute(HttpCommandExecutor.java:184)
at org.openqa.selenium.remote.service.DriverCommandExecutor.invokeExecute(DriverCommandExecutor.java:167)
at org.openqa.selenium.remote.service.DriverCommandExecutor.execute(DriverCommandExecutor.java:142)
at org.openqa.selenium.remote.RemoteWebDriver.execute(RemoteWebDriver.java:547)
at org.openqa.selenium.remote.RemoteWebDriver.execute(RemoteWebDriver.java:602)
at org.openqa.selenium.remote.RemoteWebDriver.execute(RemoteWebDriver.java:606)
at org.openqa.selenium.remote.RemoteWebDriver.getTitle(RemoteWebDriver.java:315)
at FirstTestNGPackage.FirstTestNGFile.verifyHomepageTitle(FirstTestNGFile.java:40)
at java.base/java.util.ArrayList.forEach(ArrayList.java:1511)
at java.base/java.util.concurrent.FutureTask.run(FutureTask.java:264)
at java.base/java.util.concurrent.ThreadPoolExecutor.runWorker(ThreadPoolExecutor.java:1136)
at java.base/java.util.concurrent.ThreadPoolExecutor$Worker.run(ThreadPoolExecutor.java:635)
at java.base/java.lang.Thread.run(Thread.java:833)
... Removed 23 stack frames]]>
    </failure>
  </testcase> <!-- @BeforeMethod verifyHomepageTitle -->
  <testcase classname="FirstTestNGPackage.FirstTestNGFile" name="@AfterMethod goBackToHomepage" time="-1.685091356776E9">
    <skipped/>
  </testcase> <!-- @AfterMethod goBackToHomepage -->
  <testcase classname="FirstTestNGPackage.FirstTestNGFile" name="@BeforeMethod verifyHomepageTitle" time="-1.685091356782E9">
    <skipped/>
  </testcase> <!-- @BeforeMethod verifyHomepageTitle -->
  <testcase classname="FirstTestNGPackage.FirstTestNGFile" name="@AfterMethod goBackToHomepage" time="-1.685091356791E9">
    <skipped/>
  </testcase> <!-- @AfterMethod goBackToHomepage -->
  <testcase classname="FirstTestNGPackage.FirstTestNGFile" name="@AfterTest TerminateBrowser" time="-1.685091356804E9">
    <skipped/>
  </testcase> <!-- @AfterTest TerminateBrowser -->
  <testcase classname="FirstTestNGPackage.SecondTestNGFile" name="b_method" time="0.006"/>
  <testcase classname="FirstTestNGPackage.SecondTestNGFile" name="c_method" time="0.01"/>
  <testcase classname="FirstTestNGPackage.SecondTestNGFile" name="e_method" time="0.003"/>
  <testcase classname="FirstTestNGPackage.FirstTestNGFile" name="register" time="0.0">
    <skipped/>
  </testcase> <!-- register -->
  <testcase classname="FirstTestNGPackage.FirstTestNGFile" name="support" time="0.0">
    <skipped/>
  </testcase> <!-- support -->
  <testcase classname="FirstTestNGPackage.SecondTestNGFile" name="a_method" time="0.001"/>
  <testcase classname="FirstTestNGPackage.SecondTestNGFile" name="d_method" time="0.001"/>
</testsuite> <!-- Regression -->
