<?xml version="1.0" encoding="UTF-8"?>
<testng-results ignored="0" total="1" passed="1" failed="0" skipped="0">
  <reporter-output>
  </reporter-output>
  <suite started-at="2023-04-27T14:03:10 WIB" name="Default suite" finished-at="2023-04-27T14:03:10 WIB" duration-ms="93">
    <groups>
    </groups>
    <test started-at="2023-04-27T14:03:10 WIB" name="Default test" finished-at="2023-04-27T14:03:10 WIB" duration-ms="93">
      <class name="Testing1.Testing1File">
        <test-method signature="f()[pri:0, instance:Testing1.Testing1File@59af0466]" started-at="2023-04-27T14:03:10 WIB" name="f" finished-at="2023-04-27T14:03:10 WIB" duration-ms="22" status="PASS">
          <reporter-output>
          </reporter-output>
        </test-method> <!-- f -->
      </class> <!-- Testing1.Testing1File -->
    </test> <!-- Default test -->
  </suite> <!-- Default suite -->
</testng-results>
